2024-12-05 15:08:49,371 - INFO - Account summary updated: {'account_number': '1001', 'balance': 1000.0, 'total_deposits': 1000.0, 'total_withdrawals': 0}
2024-12-05 15:08:49,371 - INFO - Updated transaction statistics for: deposit
2024-12-05 15:08:49,371 - INFO - Account summary updated: {'account_number': '1002', 'balance': 1500.0, 'total_deposits': 1500.0, 'total_withdrawals': 0}
2024-12-05 15:08:49,371 - INFO - Updated transaction statistics for: deposit
2024-12-05 15:08:49,371 - INFO - Account summary updated: {'account_number': '1001', 'balance': 800.0, 'total_deposits': 1000.0, 'total_withdrawals': 200.0}
2024-12-05 15:08:49,371 - INFO - Updated transaction statistics for: withdrawal
2024-12-05 15:08:49,371 - INFO - Account summary updated: {'account_number': '1001', 'balance': 800.0, 'total_deposits': 1000.0, 'total_withdrawals': 200.0}
2024-12-05 15:08:49,371 - INFO - Updated transaction statistics for: transfer
2024-12-05 15:08:49,371 - INFO - Account summary updated: {'account_number': '1002', 'balance': 1200.0, 'total_deposits': 1500.0, 'total_withdrawals': 300.0}
2024-12-05 15:08:49,371 - INFO - Updated transaction statistics for: withdrawal
2024-12-05 15:08:49,372 - INFO - Account summary updated: {'account_number': '1002', 'balance': 1300.0, 'total_deposits': 1600.0, 'total_withdrawals': 300.0}
2024-12-05 15:08:49,372 - INFO - Updated transaction statistics for: deposit
2024-12-05 15:08:49,372 - INFO - Account summary updated: {'account_number': '1001', 'balance': 700.0, 'total_deposits': 1000.0, 'total_withdrawals': 300.0}
2024-12-05 15:08:49,372 - INFO - Updated transaction statistics for: withdrawal
2024-12-05 15:08:49,372 - INFO - Account summary updated: {'account_number': '1002', 'balance': 1500.0, 'total_deposits': 1800.0, 'total_withdrawals': 300.0}
2024-12-05 15:08:49,372 - INFO - Updated transaction statistics for: deposit
2024-12-05 15:08:49,372 - INFO - Account summary updated: {'account_number': '1001', 'balance': 550.0, 'total_deposits': 1000.0, 'total_withdrawals': 450.0}
2024-12-05 15:08:49,372 - INFO - Updated transaction statistics for: withdrawal
2024-12-05 15:08:49,372 - INFO - Account summary updated: {'account_number': '1002', 'balance': 1500.0, 'total_deposits': 1800.0, 'total_withdrawals': 300.0}
2024-12-05 15:08:49,372 - INFO - Updated transaction statistics for: transfer
2024-12-05 15:08:49,372 - INFO - Account summary updated: {'account_number': '1001', 'balance': 12550.0, 'total_deposits': 13000.0, 'total_withdrawals': 450.0}
2024-12-05 15:08:49,372 - WARNING - Suspicious transaction: {'Transaction ID': '11', 'Account number': '1001', 'Date': '2023-03-13', 'Transaction type': 'deposit', 'Amount': '12000', 'Currency': 'CAD', 'Description': 'Car Sale'}
2024-12-05 15:08:49,372 - INFO - Updated transaction statistics for: deposit
2024-12-05 15:08:49,372 - INFO - Account summary updated: {'account_number': '1002', 'balance': -9500.0, 'total_deposits': 1800.0, 'total_withdrawals': 11300.0}
2024-12-05 15:08:49,372 - WARNING - Suspicious transaction: {'Transaction ID': '12', 'Account number': '1002', 'Date': '2023-03-14', 'Transaction type': 'withdrawal', 'Amount': '11000', 'Currency': 'CAD', 'Description': 'House Down Payment'}
2024-12-05 15:08:49,372 - INFO - Updated transaction statistics for: withdrawal
2024-12-05 15:08:49,372 - INFO - Account summary updated: {'account_number': '1001', 'balance': 12800.0, 'total_deposits': 13250.0, 'total_withdrawals': 450.0}
2024-12-05 15:08:49,372 - WARNING - Suspicious transaction: {'Transaction ID': '13', 'Account number': '1001', 'Date': '2023-03-14', 'Transaction type': 'deposit', 'Amount': '250', 'Currency': 'XRP', 'Description': 'Crypto Investment'}
2024-12-05 15:08:49,372 - INFO - Updated transaction statistics for: deposit
2024-12-05 15:08:49,373 - INFO - Account summary updated: {'account_number': '1002', 'balance': -9050.0, 'total_deposits': 2250.0, 'total_withdrawals': 11300.0}
2024-12-05 15:08:49,373 - WARNING - Suspicious transaction: {'Transaction ID': '14', 'Account number': '1002', 'Date': '2023-03-14', 'Transaction type': 'deposit', 'Amount': '450', 'Currency': 'LTC', 'Description': 'Crypto Investment'}
2024-12-05 15:08:49,373 - INFO - Updated transaction statistics for: deposit
2024-12-05 15:08:49,373 - INFO - Account summary updated: {'account_number': '1003', 'balance': 5000.0, 'total_deposits': 5000.0, 'total_withdrawals': 0}
2024-12-05 15:08:49,373 - INFO - Updated transaction statistics for: deposit
2024-12-05 15:08:49,373 - INFO - Account summary updated: {'account_number': '1004', 'balance': 11500.0, 'total_deposits': 11500.0, 'total_withdrawals': 0}
2024-12-05 15:08:49,373 - WARNING - Suspicious transaction: {'Transaction ID': '16', 'Account number': '1004', 'Date': '2023-03-01', 'Transaction type': 'deposit', 'Amount': '11500', 'Currency': 'CAD', 'Description': 'Salary'}
2024-12-05 15:08:49,373 - INFO - Updated transaction statistics for: deposit
2024-12-05 15:08:49,373 - INFO - Account summary updated: {'account_number': '1005', 'balance': -2200.0, 'total_deposits': 0, 'total_withdrawals': 2200.0}
2024-12-05 15:08:49,373 - INFO - Updated transaction statistics for: withdrawal
2024-12-05 15:08:49,373 - INFO - Account summary updated: {'account_number': '1006', 'balance': 0, 'total_deposits': 0, 'total_withdrawals': 0}
2024-12-05 15:08:49,373 - INFO - Updated transaction statistics for: transfer
2024-12-05 15:08:49,373 - INFO - Account summary updated: {'account_number': '1007', 'balance': -1300.0, 'total_deposits': 0, 'total_withdrawals': 1300.0}
2024-12-05 15:08:49,373 - INFO - Updated transaction statistics for: withdrawal
2024-12-05 15:08:49,373 - INFO - Account summary updated: {'account_number': '1003', 'balance': 6100.0, 'total_deposits': 6100.0, 'total_withdrawals': 0}
2024-12-05 15:08:49,373 - INFO - Updated transaction statistics for: deposit
2024-12-05 15:08:49,373 - INFO - Account summary updated: {'account_number': '1004', 'balance': 10300.0, 'total_deposits': 11500.0, 'total_withdrawals': 1200.0}
2024-12-05 15:08:49,373 - INFO - Updated transaction statistics for: withdrawal
2024-12-05 15:08:49,373 - INFO - Account summary updated: {'account_number': '1005', 'balance': -1978.0, 'total_deposits': 222.0, 'total_withdrawals': 2200.0}
2024-12-05 15:08:49,373 - INFO - Updated transaction statistics for: deposit
2024-12-05 15:08:49,373 - INFO - Account summary updated: {'account_number': '1006', 'balance': -155.0, 'total_deposits': 0, 'total_withdrawals': 155.0}
2024-12-05 15:08:49,373 - INFO - Updated transaction statistics for: withdrawal
2024-12-05 15:08:49,373 - INFO - Account summary updated: {'account_number': '1007', 'balance': -1300.0, 'total_deposits': 0, 'total_withdrawals': 1300.0}
2024-12-05 15:08:49,373 - INFO - Updated transaction statistics for: transfer
2024-12-05 15:08:49,373 - INFO - Account summary updated: {'account_number': '1003', 'balance': 7300.0, 'total_deposits': 7300.0, 'total_withdrawals': 0}
2024-12-05 15:08:49,373 - INFO - Updated transaction statistics for: deposit
2024-12-05 15:08:49,373 - INFO - Account summary updated: {'account_number': '1004', 'balance': 9200.0, 'total_deposits': 11500.0, 'total_withdrawals': 2300.0}
2024-12-05 15:08:49,374 - INFO - Updated transaction statistics for: withdrawal
2024-12-05 15:08:49,374 - INFO - Account summary updated: {'account_number': '1005', 'balance': 52.0, 'total_deposits': 2252.0, 'total_withdrawals': 2200.0}
2024-12-05 15:08:49,374 - WARNING - Suspicious transaction: {'Transaction ID': '27', 'Account number': '1005', 'Date': '2023-03-14', 'Transaction type': 'deposit', 'Amount': '2030', 'Currency': 'XRP', 'Description': 'Crypto Investment'}
2024-12-05 15:08:49,374 - INFO - Updated transaction statistics for: deposit
2024-12-05 15:08:49,374 - INFO - Account summary updated: {'account_number': '1006', 'balance': 1365.0, 'total_deposits': 1520.0, 'total_withdrawals': 155.0}
2024-12-05 15:08:49,374 - WARNING - Suspicious transaction: {'Transaction ID': '28', 'Account number': '1006', 'Date': '2023-03-14', 'Transaction type': 'deposit', 'Amount': '1520', 'Currency': 'LTC', 'Description': 'Crypto Investment'}
2024-12-05 15:08:49,374 - INFO - Updated transaction statistics for: deposit
2024-12-05 15:08:49,374 - INFO - Account summary updated: {'account_number': '1007', 'balance': -1200.0, 'total_deposits': 100.0, 'total_withdrawals': 1300.0}
2024-12-05 15:08:49,374 - INFO - Updated transaction statistics for: deposit
2024-12-05 15:08:49,374 - INFO - Account summary updated: {'account_number': '1003', 'balance': 7450.0, 'total_deposits': 7450.0, 'total_withdrawals': 0}
2024-12-05 15:08:49,374 - INFO - Updated transaction statistics for: deposit
2024-12-05 15:08:49,374 - INFO - Data Processing Complete
